INFO 10:55:52:625 wdm.WebDriverManager detectDriverVersionFromBrowser:615 Using chromedriver 103.0.5060.53 (since Google Chrome 103 is installed in your machine)
INFO 10:55:52:645 wdm.WebDriverManager getDriversFromXml:1077 Reading https://chromedriver.storage.googleapis.com/ to seek chromedriver
INFO 10:55:53:080 wdm.Downloader downloadAndExtract:128 Downloading https://chromedriver.storage.googleapis.com/103.0.5060.53/chromedriver_mac64.zip
INFO 10:55:53:630 wdm.Downloader extract:183 Extracting binary from compressed file chromedriver_mac64.zip
INFO 10:55:53:794 wdm.WebDriverManager exportDriver:1113 Exporting webdriver.chrome.driver as /Users/averkhovskaya/.m2/repository/webdriver/chromedriver/mac64/103.0.5060.53/chromedriver
INFO 12:13:38:858 wdm.WebDriverManager detectDriverVersionFromBrowser:615 Using chromedriver 103.0.5060.53 (since Google Chrome 103 is installed in your machine)
INFO 12:13:38:881 wdm.WebDriverManager exportDriver:1113 Exporting webdriver.chrome.driver as /Users/averkhovskaya/.m2/repository/webdriver/chromedriver/mac64/103.0.5060.53/chromedriver
INFO 10:00:19:126 wdm.WebDriverManager detectDriverVersionFromBrowser:615 Using chromedriver 103.0.5060.53 (since Google Chrome 103 is installed in your machine)
INFO 10:00:19:146 wdm.WebDriverManager exportDriver:1113 Exporting webdriver.chrome.driver as /Users/averkhovskaya/.m2/repository/webdriver/chromedriver/mac64/103.0.5060.53/chromedriver
INFO 12:28:35:325 wdm.WebDriverManager detectDriverVersionFromBrowser:615 Using chromedriver 107.0.5304.62 (since Google Chrome 107 is installed in your machine)
INFO 12:28:35:353 wdm.WebDriverManager exportDriver:1113 Exporting webdriver.chrome.driver as /Users/averkhovskaya/.m2/repository/webdriver/chromedriver/mac64/107.0.5304.62/chromedriver
INFO 12:34:18:052 wdm.WebDriverManager detectDriverVersionFromBrowser:615 Using chromedriver 107.0.5304.62 (since Google Chrome 107 is installed in your machine)
INFO 12:34:18:076 wdm.WebDriverManager exportDriver:1113 Exporting webdriver.chrome.driver as /Users/averkhovskaya/.m2/repository/webdriver/chromedriver/mac64/107.0.5304.62/chromedriver
INFO 09:32:55:998 wdm.WebDriverManager detectDriverVersionFromBrowser:615 Using chromedriver 107.0.5304.62 (since Google Chrome 107 is installed in your machine)
INFO 09:32:56:024 wdm.WebDriverManager exportDriver:1113 Exporting webdriver.chrome.driver as /Users/averkhovskaya/.m2/repository/webdriver/chromedriver/mac64/107.0.5304.62/chromedriver
INFO 09:34:16:215 wdm.WebDriverManager detectDriverVersionFromBrowser:615 Using chromedriver 107.0.5304.62 (since Google Chrome 107 is installed in your machine)
INFO 09:34:16:235 wdm.WebDriverManager exportDriver:1113 Exporting webdriver.chrome.driver as /Users/averkhovskaya/.m2/repository/webdriver/chromedriver/mac64/107.0.5304.62/chromedriver
INFO 09:40:55:487 wdm.WebDriverManager detectDriverVersionFromBrowser:615 Using chromedriver 107.0.5304.62 (since Google Chrome 107 is installed in your machine)
INFO 09:40:55:511 wdm.WebDriverManager exportDriver:1113 Exporting webdriver.chrome.driver as /Users/averkhovskaya/.m2/repository/webdriver/chromedriver/mac64/107.0.5304.62/chromedriver
INFO 09:43:29:905 wdm.WebDriverManager detectDriverVersionFromBrowser:615 Using chromedriver 107.0.5304.62 (since Google Chrome 107 is installed in your machine)
INFO 09:43:29:924 wdm.WebDriverManager exportDriver:1113 Exporting webdriver.chrome.driver as /Users/averkhovskaya/.m2/repository/webdriver/chromedriver/mac64/107.0.5304.62/chromedriver
INFO 09:48:22:967 wdm.WebDriverManager detectDriverVersionFromBrowser:615 Using chromedriver 107.0.5304.62 (since Google Chrome 107 is installed in your machine)
INFO 09:48:22:986 wdm.WebDriverManager exportDriver:1113 Exporting webdriver.chrome.driver as /Users/averkhovskaya/.m2/repository/webdriver/chromedriver/mac64/107.0.5304.62/chromedriver
INFO 09:51:16:557 wdm.WebDriverManager detectDriverVersionFromBrowser:615 Using chromedriver 107.0.5304.62 (since Google Chrome 107 is installed in your machine)
INFO 09:51:16:572 wdm.WebDriverManager exportDriver:1113 Exporting webdriver.chrome.driver as /Users/averkhovskaya/.m2/repository/webdriver/chromedriver/mac64/107.0.5304.62/chromedriver
INFO 10:08:53:188 wdm.WebDriverManager detectDriverVersionFromBrowser:615 Using chromedriver 107.0.5304.62 (since Google Chrome 107 is installed in your machine)
INFO 10:08:53:219 wdm.WebDriverManager exportDriver:1113 Exporting webdriver.chrome.driver as /Users/averkhovskaya/.m2/repository/webdriver/chromedriver/mac64/107.0.5304.62/chromedriver
INFO 10:09:51:118 wdm.WebDriverManager detectDriverVersionFromBrowser:615 Using chromedriver 107.0.5304.62 (since Google Chrome 107 is installed in your machine)
INFO 10:09:51:145 wdm.WebDriverManager exportDriver:1113 Exporting webdriver.chrome.driver as /Users/averkhovskaya/.m2/repository/webdriver/chromedriver/mac64/107.0.5304.62/chromedriver
INFO 10:12:49:925 wdm.WebDriverManager detectDriverVersionFromBrowser:615 Using chromedriver 107.0.5304.62 (since Google Chrome 107 is installed in your machine)
INFO 10:12:49:985 wdm.WebDriverManager exportDriver:1113 Exporting webdriver.chrome.driver as /Users/averkhovskaya/.m2/repository/webdriver/chromedriver/mac64/107.0.5304.62/chromedriver
INFO 10:13:25:529 wdm.WebDriverManager detectDriverVersionFromBrowser:615 Using chromedriver 107.0.5304.62 (since Google Chrome 107 is installed in your machine)
INFO 10:13:25:552 wdm.WebDriverManager exportDriver:1113 Exporting webdriver.chrome.driver as /Users/averkhovskaya/.m2/repository/webdriver/chromedriver/mac64/107.0.5304.62/chromedriver
INFO 10:53:11:080 wdm.WebDriverManager detectDriverVersionFromBrowser:615 Using chromedriver 107.0.5304.62 (since Google Chrome 107 is installed in your machine)
INFO 10:53:11:101 wdm.WebDriverManager exportDriver:1113 Exporting webdriver.chrome.driver as /Users/averkhovskaya/.m2/repository/webdriver/chromedriver/mac64/107.0.5304.62/chromedriver
INFO 11:39:02:949 wdm.WebDriverManager detectDriverVersionFromBrowser:615 Using chromedriver 107.0.5304.62 (since Google Chrome 107 is installed in your machine)
INFO 11:39:02:973 wdm.WebDriverManager exportDriver:1113 Exporting webdriver.chrome.driver as /Users/averkhovskaya/.m2/repository/webdriver/chromedriver/mac64/107.0.5304.62/chromedriver
INFO 11:45:35:086 wdm.WebDriverManager detectDriverVersionFromBrowser:615 Using chromedriver 107.0.5304.62 (since Google Chrome 107 is installed in your machine)
INFO 11:45:35:112 wdm.WebDriverManager exportDriver:1113 Exporting webdriver.chrome.driver as /Users/averkhovskaya/.m2/repository/webdriver/chromedriver/mac64/107.0.5304.62/chromedriver
INFO 11:48:05:533 wdm.WebDriverManager detectDriverVersionFromBrowser:615 Using chromedriver 107.0.5304.62 (since Google Chrome 107 is installed in your machine)
INFO 11:48:05:561 wdm.WebDriverManager exportDriver:1113 Exporting webdriver.chrome.driver as /Users/averkhovskaya/.m2/repository/webdriver/chromedriver/mac64/107.0.5304.62/chromedriver
INFO 11:51:27:194 wdm.WebDriverManager detectDriverVersionFromBrowser:615 Using chromedriver 107.0.5304.62 (since Google Chrome 107 is installed in your machine)
INFO 11:51:27:225 wdm.WebDriverManager exportDriver:1113 Exporting webdriver.chrome.driver as /Users/averkhovskaya/.m2/repository/webdriver/chromedriver/mac64/107.0.5304.62/chromedriver
INFO 11:59:34:478 wdm.WebDriverManager detectDriverVersionFromBrowser:615 Using chromedriver 107.0.5304.62 (since Google Chrome 107 is installed in your machine)
INFO 11:59:34:500 wdm.WebDriverManager exportDriver:1113 Exporting webdriver.chrome.driver as /Users/averkhovskaya/.m2/repository/webdriver/chromedriver/mac64/107.0.5304.62/chromedriver
INFO 12:01:35:221 wdm.WebDriverManager detectDriverVersionFromBrowser:615 Using chromedriver 107.0.5304.62 (since Google Chrome 107 is installed in your machine)
INFO 12:01:35:236 wdm.WebDriverManager exportDriver:1113 Exporting webdriver.chrome.driver as /Users/averkhovskaya/.m2/repository/webdriver/chromedriver/mac64/107.0.5304.62/chromedriver
INFO 12:07:05:365 wdm.WebDriverManager detectDriverVersionFromBrowser:615 Using chromedriver 107.0.5304.62 (since Google Chrome 107 is installed in your machine)
INFO 12:07:05:398 wdm.WebDriverManager exportDriver:1113 Exporting webdriver.chrome.driver as /Users/averkhovskaya/.m2/repository/webdriver/chromedriver/mac64/107.0.5304.62/chromedriver
INFO 12:27:43:010 wdm.WebDriverManager detectDriverVersionFromBrowser:615 Using chromedriver 107.0.5304.62 (since Google Chrome 107 is installed in your machine)
INFO 12:27:43:042 wdm.WebDriverManager exportDriver:1113 Exporting webdriver.chrome.driver as /Users/averkhovskaya/.m2/repository/webdriver/chromedriver/mac64/107.0.5304.62/chromedriver
INFO 12:28:40:007 wdm.WebDriverManager detectDriverVersionFromBrowser:615 Using chromedriver 107.0.5304.62 (since Google Chrome 107 is installed in your machine)
INFO 12:28:40:035 wdm.WebDriverManager exportDriver:1113 Exporting webdriver.chrome.driver as /Users/averkhovskaya/.m2/repository/webdriver/chromedriver/mac64/107.0.5304.62/chromedriver
INFO 12:33:53:629 wdm.WebDriverManager detectDriverVersionFromBrowser:615 Using chromedriver 107.0.5304.62 (since Google Chrome 107 is installed in your machine)
INFO 12:33:53:653 wdm.WebDriverManager exportDriver:1113 Exporting webdriver.chrome.driver as /Users/averkhovskaya/.m2/repository/webdriver/chromedriver/mac64/107.0.5304.62/chromedriver
INFO 12:38:17:553 wdm.WebDriverManager detectDriverVersionFromBrowser:615 Using chromedriver 107.0.5304.62 (since Google Chrome 107 is installed in your machine)
INFO 12:38:17:613 wdm.WebDriverManager exportDriver:1113 Exporting webdriver.chrome.driver as /Users/averkhovskaya/.m2/repository/webdriver/chromedriver/mac64/107.0.5304.62/chromedriver
INFO 12:38:22:889 wdm.WebDriverManager detectDriverVersionFromBrowser:615 Using chromedriver 107.0.5304.62 (since Google Chrome 107 is installed in your machine)
INFO 12:38:22:898 wdm.WebDriverManager exportDriver:1113 Exporting webdriver.chrome.driver as /Users/averkhovskaya/.m2/repository/webdriver/chromedriver/mac64/107.0.5304.62/chromedriver
INFO 12:40:02:742 wdm.WebDriverManager detectDriverVersionFromBrowser:615 Using chromedriver 107.0.5304.62 (since Google Chrome 107 is installed in your machine)
INFO 12:40:02:777 wdm.WebDriverManager exportDriver:1113 Exporting webdriver.chrome.driver as /Users/averkhovskaya/.m2/repository/webdriver/chromedriver/mac64/107.0.5304.62/chromedriver
INFO 12:40:07:640 wdm.WebDriverManager detectDriverVersionFromBrowser:615 Using chromedriver 107.0.5304.62 (since Google Chrome 107 is installed in your machine)
INFO 12:40:07:648 wdm.WebDriverManager exportDriver:1113 Exporting webdriver.chrome.driver as /Users/averkhovskaya/.m2/repository/webdriver/chromedriver/mac64/107.0.5304.62/chromedriver
INFO 12:40:57:223 wdm.WebDriverManager detectDriverVersionFromBrowser:615 Using chromedriver 107.0.5304.62 (since Google Chrome 107 is installed in your machine)
INFO 12:40:57:249 wdm.WebDriverManager exportDriver:1113 Exporting webdriver.chrome.driver as /Users/averkhovskaya/.m2/repository/webdriver/chromedriver/mac64/107.0.5304.62/chromedriver
INFO 12:41:02:268 wdm.WebDriverManager detectDriverVersionFromBrowser:615 Using chromedriver 107.0.5304.62 (since Google Chrome 107 is installed in your machine)
INFO 12:41:02:276 wdm.WebDriverManager exportDriver:1113 Exporting webdriver.chrome.driver as /Users/averkhovskaya/.m2/repository/webdriver/chromedriver/mac64/107.0.5304.62/chromedriver
INFO 12:41:21:657 wdm.WebDriverManager detectDriverVersionFromBrowser:615 Using chromedriver 107.0.5304.62 (since Google Chrome 107 is installed in your machine)
INFO 12:41:21:688 wdm.WebDriverManager exportDriver:1113 Exporting webdriver.chrome.driver as /Users/averkhovskaya/.m2/repository/webdriver/chromedriver/mac64/107.0.5304.62/chromedriver
INFO 12:41:26:946 wdm.WebDriverManager detectDriverVersionFromBrowser:615 Using chromedriver 107.0.5304.62 (since Google Chrome 107 is installed in your machine)
INFO 12:41:26:953 wdm.WebDriverManager exportDriver:1113 Exporting webdriver.chrome.driver as /Users/averkhovskaya/.m2/repository/webdriver/chromedriver/mac64/107.0.5304.62/chromedriver
INFO 12:44:21:884 wdm.WebDriverManager detectDriverVersionFromBrowser:615 Using chromedriver 107.0.5304.62 (since Google Chrome 107 is installed in your machine)
INFO 12:44:21:912 wdm.WebDriverManager exportDriver:1113 Exporting webdriver.chrome.driver as /Users/averkhovskaya/.m2/repository/webdriver/chromedriver/mac64/107.0.5304.62/chromedriver
